\BOOKMARK [0][-]{chapter*.2}{List of Figures}{}% 1
\BOOKMARK [0][-]{chapter*.3}{List of Tables}{}% 2
\BOOKMARK [0][-]{chapter.1}{IntroductionF}{}% 3
\BOOKMARK [0][-]{chapter.2}{Literature Survey}{}% 4
\BOOKMARK [1][-]{section.2.1}{Neural Networks Training Architecture for UAV Modeling}{chapter.2}% 5
\BOOKMARK [1][-]{section.2.2}{Neural Network based Adaptive Control for Autonomous Flight of Fixed Wing Unmanned Aerial Vehicles}{chapter.2}% 6
\BOOKMARK [1][-]{section.2.3}{Neural Network based Identification and Control of an Unmanned Helicopter}{chapter.2}% 7
\BOOKMARK [1][-]{section.2.4}{The Application of an Annealing Recurrent Neural Network with an Extremum Seeking Algorithm to Optimize UAV Tight Formation Flight}{chapter.2}% 8
\BOOKMARK [1][-]{section.2.5}{Constructing Deterministic Finite-State Automata in Recurrent Neural Networks}{chapter.2}% 9
\BOOKMARK [1][-]{section.2.6}{Small-Scale Helicopter System Identification Model Using Recurrent Neural Networks}{chapter.2}% 10
\BOOKMARK [1][-]{section.2.7}{Hybrid State Space and Echo State Networks Model of a Miniature Helicopter}{chapter.2}% 11
\BOOKMARK [1][-]{section.2.8}{Adaptive Flight Control for Unmanned Aircraft Using a Stable Neural Network Observer}{chapter.2}% 12
\BOOKMARK [1][-]{section.2.9}{Comparison}{chapter.2}% 13
\BOOKMARK [0][-]{chapter.3}{Research Goal}{}% 14
\BOOKMARK [1][-]{subsection.3.0.1}{Flight Controllers at Cal Poly}{chapter.3}% 15
\BOOKMARK [2][-]{subsection.3.0.2}{Neural Networks}{subsection.3.0.1}% 16
\BOOKMARK [2][-]{subsection.3.0.3}{Echo State Network}{subsection.3.0.1}% 17
\BOOKMARK [2][-]{subsection.3.0.4}{Implementation}{subsection.3.0.1}% 18
\BOOKMARK [0][-]{chapter.4}{Methodology}{}% 19
\BOOKMARK [1][-]{section.4.1}{Neural Net Model}{chapter.4}% 20
\BOOKMARK [2][-]{subsection.4.1.1}{MATLAB Prototype}{section.4.1}% 21
\BOOKMARK [2][-]{subsection.4.1.2}{FlightGear Simulation}{section.4.1}% 22
\BOOKMARK [2][-]{subsection.4.1.3}{C++ Implementation}{section.4.1}% 23
\BOOKMARK [1][-]{section.4.2}{Offline Training}{chapter.4}% 24
\BOOKMARK [1][-]{section.4.3}{Online Training}{chapter.4}% 25
\BOOKMARK [1][-]{section.4.4}{Closed-Loop System}{chapter.4}% 26
\BOOKMARK [0][-]{chapter.5}{Evaluation of Results}{}% 27
\BOOKMARK [0][-]{chapter.6}{References}{}% 28
